2024-04-30 15:49:06.4732||DEBUG|Microsoft.Extensions.Hosting.Internal.Host|Hosting starting 
2024-04-30 15:49:19.7039||DEBUG|Microsoft.AspNetCore.Mvc.ModelBinding.ModelBinderFactory|Registered model binder providers, in the following order: Microsoft.AspNetCore.Mvc.ModelBinding.Binders.BinderTypeModelBinderProvider, Microsoft.AspNetCore.Mvc.ModelBinding.Binders.ServicesModelBinderProvider, Microsoft.AspNetCore.Mvc.ModelBinding.Binders.BodyModelBinderProvider, Microsoft.AspNetCore.Mvc.ModelBinding.Binders.HeaderModelBinderProvider, Microsoft.AspNetCore.Mvc.ModelBinding.Binders.FloatingPointTypeModelBinderProvider, Microsoft.AspNetCore.Mvc.ModelBinding.Binders.EnumTypeModelBinderProvider, Microsoft.AspNetCore.Mvc.ModelBinding.Binders.DateTimeModelBinderProvider, Microsoft.AspNetCore.Mvc.ModelBinding.Binders.SimpleTypeModelBinderProvider, Microsoft.AspNetCore.Mvc.ModelBinding.Binders.CancellationTokenModelBinderProvider, Microsoft.AspNetCore.Mvc.ModelBinding.Binders.ByteArrayModelBinderProvider, Microsoft.AspNetCore.Mvc.ModelBinding.Binders.FormFileModelBinderProvider, Microsoft.AspNetCore.Mvc.ModelBinding.Binders.FormCollectionModelBinderProvider, Microsoft.AspNetCore.Mvc.ModelBinding.Binders.KeyValuePairModelBinderProvider, Microsoft.AspNetCore.Mvc.ModelBinding.Binders.DictionaryModelBinderProvider, Microsoft.AspNetCore.Mvc.ModelBinding.Binders.ArrayModelBinderProvider, Microsoft.AspNetCore.Mvc.ModelBinding.Binders.CollectionModelBinderProvider, Microsoft.AspNetCore.Mvc.ModelBinding.Binders.ComplexObjectModelBinderProvider 
2024-04-30 15:49:19.9647||DEBUG|Microsoft.AspNetCore.Server.Kestrel.Core.KestrelServer|Using development certificate: CN=localhost (Thumbprint: D317AE33326FAF3E7DC6D3ABB2812DD374780EB5) 
2024-04-30 15:49:20.0254||INFO|Microsoft.Hosting.Lifetime|Now listening on: https://localhost:7278 
2024-04-30 15:49:20.0254||INFO|Microsoft.Hosting.Lifetime|Now listening on: http://localhost:5063 
2024-04-30 15:49:20.0254||DEBUG|Microsoft.AspNetCore.Hosting.Diagnostics|Loaded hosting startup assembly api_eWallet 
2024-04-30 15:49:20.0254||DEBUG|Microsoft.AspNetCore.Hosting.Diagnostics|Loaded hosting startup assembly Microsoft.AspNetCore.Watch.BrowserRefresh 
2024-04-30 15:49:20.0254||DEBUG|Microsoft.AspNetCore.Hosting.Diagnostics|Loaded hosting startup assembly Microsoft.WebTools.BrowserLink.Net 
2024-04-30 15:49:20.0254||INFO|Microsoft.Hosting.Lifetime|Application started. Press Ctrl+C to shut down. 
2024-04-30 15:49:20.0254||INFO|Microsoft.Hosting.Lifetime|Hosting environment: Development 
2024-04-30 15:49:20.0254||INFO|Microsoft.Hosting.Lifetime|Content root path: C:\Users\yash.l\source\repos\eWallet\api\api_eWallet\api_eWallet 
2024-04-30 15:49:20.0254||DEBUG|Microsoft.Extensions.Hosting.Internal.Host|Hosting started 
2024-04-30 15:49:20.4711||DEBUG|Microsoft.AspNetCore.Server.Kestrel.Transport.Sockets|Connection id "0HN38VRVV07F2" received FIN. 
2024-04-30 15:49:20.4711||DEBUG|Microsoft.AspNetCore.Server.Kestrel.Transport.Sockets|Connection id "0HN38VRVV07F1" received FIN. 
2024-04-30 15:49:20.4711||DEBUG|Microsoft.AspNetCore.Server.Kestrel.Connections|Connection id "0HN38VRVV07F2" accepted. 
2024-04-30 15:49:20.4711||DEBUG|Microsoft.AspNetCore.Server.Kestrel.Connections|Connection id "0HN38VRVV07F1" accepted. 
2024-04-30 15:49:20.4815||DEBUG|Microsoft.AspNetCore.Server.Kestrel.Connections|Connection id "0HN38VRVV07F1" started. 
2024-04-30 15:49:20.4815||DEBUG|Microsoft.AspNetCore.Server.Kestrel.Connections|Connection id "0HN38VRVV07F2" started. 
2024-04-30 15:49:20.5185||DEBUG|Microsoft.AspNetCore.Server.Kestrel.Https.Internal.HttpsConnectionMiddleware|Failed to authenticate HTTPS connection. System.IO.IOException:  Received an unexpected EOF or 0 bytes from the transport stream.
   at System.Net.Security.SslStream.ReceiveBlobAsync[TIOAdapter](TIOAdapter adapter)
   at System.Net.Security.SslStream.ForceAuthenticationAsync[TIOAdapter](TIOAdapter adapter, Boolean receiveFirst, Byte[] reAuthenticationData, Boolean isApm)
   at Microsoft.AspNetCore.Server.Kestrel.Https.Internal.HttpsConnectionMiddleware.OnConnectionAsync(ConnectionContext context)
2024-04-30 15:49:20.5185||DEBUG|Microsoft.AspNetCore.Server.Kestrel.Https.Internal.HttpsConnectionMiddleware|Failed to authenticate HTTPS connection. System.IO.IOException:  Received an unexpected EOF or 0 bytes from the transport stream.
   at System.Net.Security.SslStream.ReceiveBlobAsync[TIOAdapter](TIOAdapter adapter)
   at System.Net.Security.SslStream.ForceAuthenticationAsync[TIOAdapter](TIOAdapter adapter, Boolean receiveFirst, Byte[] reAuthenticationData, Boolean isApm)
   at Microsoft.AspNetCore.Server.Kestrel.Https.Internal.HttpsConnectionMiddleware.OnConnectionAsync(ConnectionContext context)
2024-04-30 15:49:20.6574||DEBUG|Microsoft.AspNetCore.Server.Kestrel.Connections|Connection id "0HN38VRVV07F3" accepted. 
2024-04-30 15:49:20.6574||DEBUG|Microsoft.AspNetCore.Server.Kestrel.Connections|Connection id "0HN38VRVV07F3" started. 
2024-04-30 15:49:20.6613||DEBUG|Microsoft.AspNetCore.Server.Kestrel.Connections|Connection id "0HN38VRVV07F2" stopped. 
2024-04-30 15:49:20.6613||DEBUG|Microsoft.AspNetCore.Server.Kestrel.Connections|Connection id "0HN38VRVV07F1" stopped. 
2024-04-30 15:49:20.6613||DEBUG|Microsoft.AspNetCore.Server.Kestrel.Transport.Sockets|Connection id "0HN38VRVV07F2" sending FIN because: "The Socket transport's send loop completed gracefully." 
2024-04-30 15:49:20.6613||DEBUG|Microsoft.AspNetCore.Server.Kestrel.Transport.Sockets|Connection id "0HN38VRVV07F1" sending FIN because: "The Socket transport's send loop completed gracefully." 
2024-04-30 15:49:20.7144||DEBUG|Microsoft.AspNetCore.Server.Kestrel.Https.Internal.HttpsConnectionMiddleware|Connection 0HN38VRVV07F3 established using the following protocol: Tls12 
2024-04-30 15:49:20.7400||TRACE|Microsoft.AspNetCore.Server.Kestrel.Http2|Connection id "0HN38VRVV07F3" sending SETTINGS frame for stream ID 0 with length 18 and flags NONE. 
2024-04-30 15:49:20.7436||TRACE|Microsoft.AspNetCore.Server.Kestrel.Http2|Connection id "0HN38VRVV07F3" sending WINDOW_UPDATE frame for stream ID 0 with length 4 and flags 0x0. 
2024-04-30 15:49:20.7436||TRACE|Microsoft.AspNetCore.Server.Kestrel.Http2|Connection id "0HN38VRVV07F3" received SETTINGS frame for stream ID 0 with length 24 and flags NONE. 
2024-04-30 15:49:20.7436||TRACE|Microsoft.AspNetCore.Server.Kestrel.Http2|Connection id "0HN38VRVV07F3" sending SETTINGS frame for stream ID 0 with length 0 and flags ACK. 
2024-04-30 15:49:20.7436||TRACE|Microsoft.AspNetCore.Server.Kestrel.Http2|Connection id "0HN38VRVV07F3" received WINDOW_UPDATE frame for stream ID 0 with length 4 and flags 0x0. 
2024-04-30 15:49:20.7436||TRACE|Microsoft.AspNetCore.Server.Kestrel.Http2|Connection id "0HN38VRVV07F3" received HEADERS frame for stream ID 1 with length 454 and flags END_STREAM, END_HEADERS, PRIORITY. 
2024-04-30 15:49:20.7745||TRACE|Microsoft.AspNetCore.Server.Kestrel.Http2|Connection id "0HN38VRVV07F3" received SETTINGS frame for stream ID 0 with length 0 and flags ACK. 
2024-04-30 15:49:20.8005||INFO|Microsoft.AspNetCore.Hosting.Diagnostics|Request starting HTTP/2 GET https://localhost:7278/swagger/index.html - - 
2024-04-30 15:49:20.8593||DEBUG|Microsoft.AspNetCore.HostFiltering.HostFilteringMiddleware|Wildcard detected, all requests with hosts will be allowed. 
2024-04-30 15:49:20.8593||TRACE|Microsoft.AspNetCore.HostFiltering.HostFilteringMiddleware|All hosts are allowed. 
2024-04-30 15:49:21.2489||DEBUG|Microsoft.AspNetCore.Watch.BrowserRefresh.BrowserRefreshMiddleware|Response markup is scheduled to include browser refresh script injection. 
2024-04-30 15:49:21.2625||TRACE|Microsoft.AspNetCore.Server.Kestrel.Http2|Connection id "0HN38VRVV07F3" sending HEADERS frame for stream ID 1 with length 66 and flags END_HEADERS. 
2024-04-30 15:49:21.4391||TRACE|Microsoft.AspNetCore.Server.Kestrel.Http2|Connection id "0HN38VRVV07F3" sending DATA frame for stream ID 1 with length 1024 and flags NONE. 
2024-04-30 15:49:21.4391||TRACE|Microsoft.AspNetCore.Server.Kestrel.Http2|Connection id "0HN38VRVV07F3" sending DATA frame for stream ID 1 with length 1024 and flags NONE. 
2024-04-30 15:49:21.4391||TRACE|Microsoft.AspNetCore.Server.Kestrel.Http2|Connection id "0HN38VRVV07F3" sending DATA frame for stream ID 1 with length 1024 and flags NONE. 
2024-04-30 15:49:21.4441||TRACE|Microsoft.AspNetCore.Server.Kestrel.Http2|Connection id "0HN38VRVV07F3" sending DATA frame for stream ID 1 with length 1024 and flags NONE. 
2024-04-30 15:49:21.4441||TRACE|Microsoft.AspNetCore.Server.Kestrel.Http2|Connection id "0HN38VRVV07F3" sending DATA frame for stream ID 1 with length 993 and flags NONE. 
2024-04-30 15:49:21.4441||TRACE|Microsoft.AspNetCore.Server.Kestrel.Http2|Connection id "0HN38VRVV07F3" sending DATA frame for stream ID 1 with length 65 and flags NONE. 
2024-04-30 15:49:21.4441||TRACE|Microsoft.AspNetCore.Server.Kestrel.Http2|Connection id "0HN38VRVV07F3" sending DATA frame for stream ID 1 with length 16 and flags NONE. 
2024-04-30 15:49:21.4595||TRACE|Microsoft.AspNetCore.Server.Kestrel.Http2|Connection id "0HN38VRVV07F3" received HEADERS frame for stream ID 3 with length 109 and flags END_STREAM, END_HEADERS, PRIORITY. 
2024-04-30 15:49:21.4595||TRACE|Microsoft.AspNetCore.Server.Kestrel.Http2|Connection id "0HN38VRVV07F3" received HEADERS frame for stream ID 5 with length 57 and flags END_STREAM, END_HEADERS, PRIORITY. 
2024-04-30 15:49:21.4595||INFO|Microsoft.AspNetCore.Hosting.Diagnostics|Request starting HTTP/2 GET https://localhost:7278/_framework/aspnetcore-browser-refresh.js - - 
2024-04-30 15:49:21.4595||INFO|Microsoft.AspNetCore.Hosting.Diagnostics|Request starting HTTP/2 GET https://localhost:7278/_vs/browserLink - - 
2024-04-30 15:49:21.4595||DEBUG|Microsoft.AspNetCore.Watch.BrowserRefresh.BrowserRefreshMiddleware|Response markup was updated to include browser refresh script injection. 
2024-04-30 15:49:21.4595||TRACE|Microsoft.AspNetCore.Server.Kestrel.Http2|Connection id "0HN38VRVV07F3" sending DATA frame for stream ID 1 with length 0 and flags END_STREAM. 
2024-04-30 15:49:21.4856||TRACE|Microsoft.AspNetCore.Server.Kestrel.Http2|Connection id "0HN38VRVV07F3" sending HEADERS frame for stream ID 3 with length 60 and flags END_HEADERS. 
2024-04-30 15:49:21.4920||INFO|Microsoft.AspNetCore.Hosting.Diagnostics|Request finished HTTP/2 GET https://localhost:7278/swagger/index.html - - - 200 - text/html;charset=utf-8 693.9275ms 
2024-04-30 15:49:21.4920||TRACE|Microsoft.AspNetCore.Server.Kestrel.Http2|Connection id "0HN38VRVV07F3" sending DATA frame for stream ID 3 with length 11992 and flags NONE. 
2024-04-30 15:49:21.4920||TRACE|Microsoft.AspNetCore.Server.Kestrel.Http2|Connection id "0HN38VRVV07F3" sending DATA frame for stream ID 3 with length 0 and flags END_STREAM. 
2024-04-30 15:49:21.4920||TRACE|Microsoft.AspNetCore.Server.Kestrel.Http2|Connection id "0HN38VRVV07F3" sending HEADERS frame for stream ID 5 with length 149 and flags END_HEADERS. 
2024-04-30 15:49:21.4920||INFO|Microsoft.AspNetCore.Hosting.Diagnostics|Request finished HTTP/2 GET https://localhost:7278/_framework/aspnetcore-browser-refresh.js - - - 200 11992 application/javascript;+charset=utf-8 36.0247ms 
2024-04-30 15:49:21.4920||TRACE|Microsoft.AspNetCore.Server.Kestrel.Http2|Connection id "0HN38VRVV07F3" sending DATA frame for stream ID 5 with length 9986 and flags NONE. 
2024-04-30 15:49:21.5254||TRACE|Microsoft.AspNetCore.Server.Kestrel.Http2|Connection id "0HN38VRVV07F3" sending DATA frame for stream ID 5 with length 10240 and flags NONE. 
2024-04-30 15:49:21.5254||TRACE|Microsoft.AspNetCore.Server.Kestrel.Http2|Connection id "0HN38VRVV07F3" sending DATA frame for stream ID 5 with length 10240 and flags NONE. 
2024-04-30 15:49:21.5254||TRACE|Microsoft.AspNetCore.Server.Kestrel.Http2|Connection id "0HN38VRVV07F3" sending DATA frame for stream ID 5 with length 10240 and flags NONE. 
2024-04-30 15:49:21.5254||TRACE|Microsoft.AspNetCore.Server.Kestrel.Http2|Connection id "0HN38VRVV07F3" sending DATA frame for stream ID 5 with length 10240 and flags NONE. 
2024-04-30 15:49:21.5254||TRACE|Microsoft.AspNetCore.Server.Kestrel.Http2|Connection id "0HN38VRVV07F3" sending DATA frame for stream ID 5 with length 10240 and flags NONE. 
2024-04-30 15:49:21.5375||TRACE|Microsoft.AspNetCore.Server.Kestrel.Http2|Connection id "0HN38VRVV07F3" sending DATA frame for stream ID 5 with length 10240 and flags NONE. 
2024-04-30 15:49:21.5375||TRACE|Microsoft.AspNetCore.Server.Kestrel.Http2|Connection id "0HN38VRVV07F3" sending DATA frame for stream ID 5 with length 10240 and flags NONE. 
2024-04-30 15:49:21.5375||TRACE|Microsoft.AspNetCore.Server.Kestrel.Http2|Connection id "0HN38VRVV07F3" sending DATA frame for stream ID 5 with length 10240 and flags NONE. 
2024-04-30 15:49:21.5375||TRACE|Microsoft.AspNetCore.Server.Kestrel.Http2|Connection id "0HN38VRVV07F3" sending DATA frame for stream ID 5 with length 10240 and flags NONE. 
2024-04-30 15:49:21.5526||TRACE|Microsoft.AspNetCore.Server.Kestrel.Http2|Connection id "0HN38VRVV07F3" sending DATA frame for stream ID 5 with length 10240 and flags NONE. 
2024-04-30 15:49:21.5526||TRACE|Microsoft.AspNetCore.Server.Kestrel.Http2|Connection id "0HN38VRVV07F3" sending DATA frame for stream ID 5 with length 10240 and flags NONE. 
2024-04-30 15:49:21.5526||TRACE|Microsoft.AspNetCore.Server.Kestrel.Http2|Connection id "0HN38VRVV07F3" sending DATA frame for stream ID 5 with length 10240 and flags NONE. 
2024-04-30 15:49:21.5526||TRACE|Microsoft.AspNetCore.Server.Kestrel.Http2|Connection id "0HN38VRVV07F3" sending DATA frame for stream ID 5 with length 10240 and flags NONE. 
2024-04-30 15:49:21.5526||TRACE|Microsoft.AspNetCore.Server.Kestrel.Http2|Connection id "0HN38VRVV07F3" sending DATA frame for stream ID 5 with length 10240 and flags NONE. 
2024-04-30 15:49:21.5526||TRACE|Microsoft.AspNetCore.Server.Kestrel.Http2|Connection id "0HN38VRVV07F3" sending DATA frame for stream ID 5 with length 10240 and flags NONE. 
2024-04-30 15:49:21.5526||TRACE|Microsoft.AspNetCore.Server.Kestrel.Http2|Connection id "0HN38VRVV07F3" sending DATA frame for stream ID 5 with length 10240 and flags NONE. 
2024-04-30 15:49:21.5526||TRACE|Microsoft.AspNetCore.Server.Kestrel.Http2|Connection id "0HN38VRVV07F3" sending DATA frame for stream ID 5 with length 10240 and flags NONE. 
2024-04-30 15:49:21.5526||TRACE|Microsoft.AspNetCore.Server.Kestrel.Http2|Connection id "0HN38VRVV07F3" sending DATA frame for stream ID 5 with length 10240 and flags NONE. 
2024-04-30 15:49:21.5724||TRACE|Microsoft.AspNetCore.Server.Kestrel.Http2|Connection id "0HN38VRVV07F3" sending DATA frame for stream ID 5 with length 10240 and flags NONE. 
2024-04-30 15:49:21.5724||TRACE|Microsoft.AspNetCore.Server.Kestrel.Http2|Connection id "0HN38VRVV07F3" sending DATA frame for stream ID 5 with length 10240 and flags NONE. 
2024-04-30 15:49:21.5724||TRACE|Microsoft.AspNetCore.Server.Kestrel.Http2|Connection id "0HN38VRVV07F3" sending DATA frame for stream ID 5 with length 10240 and flags NONE. 
2024-04-30 15:49:21.5724||TRACE|Microsoft.AspNetCore.Server.Kestrel.Http2|Connection id "0HN38VRVV07F3" sending DATA frame for stream ID 5 with length 10240 and flags NONE. 
2024-04-30 15:49:21.6597||TRACE|Microsoft.AspNetCore.Server.Kestrel.Http2|Connection id "0HN38VRVV07F3" sending DATA frame for stream ID 5 with length 10240 and flags NONE. 
2024-04-30 15:49:21.6628||TRACE|Microsoft.AspNetCore.Server.Kestrel.Http2|Connection id "0HN38VRVV07F3" sending DATA frame for stream ID 5 with length 10240 and flags NONE. 
2024-04-30 15:49:21.6628||TRACE|Microsoft.AspNetCore.Server.Kestrel.Http2|Connection id "0HN38VRVV07F3" sending DATA frame for stream ID 5 with length 10240 and flags NONE. 
2024-04-30 15:49:21.6628||TRACE|Microsoft.AspNetCore.Server.Kestrel.Http2|Connection id "0HN38VRVV07F3" sending DATA frame for stream ID 5 with length 10240 and flags NONE. 
2024-04-30 15:49:21.6628||TRACE|Microsoft.AspNetCore.Server.Kestrel.Http2|Connection id "0HN38VRVV07F3" sending DATA frame for stream ID 5 with length 10240 and flags NONE. 
2024-04-30 15:49:21.6628||TRACE|Microsoft.AspNetCore.Server.Kestrel.Http2|Connection id "0HN38VRVV07F3" sending DATA frame for stream ID 5 with length 10240 and flags NONE. 
2024-04-30 15:49:21.6628||TRACE|Microsoft.AspNetCore.Server.Kestrel.Http2|Connection id "0HN38VRVV07F3" sending DATA frame for stream ID 5 with length 10240 and flags NONE. 
2024-04-30 15:49:21.6628||TRACE|Microsoft.AspNetCore.Server.Kestrel.Http2|Connection id "0HN38VRVV07F3" sending DATA frame for stream ID 5 with length 10240 and flags NONE. 
2024-04-30 15:49:21.6628||TRACE|Microsoft.AspNetCore.Server.Kestrel.Http2|Connection id "0HN38VRVV07F3" sending DATA frame for stream ID 5 with length 10240 and flags NONE. 
2024-04-30 15:49:21.6628||TRACE|Microsoft.AspNetCore.Server.Kestrel.Http2|Connection id "0HN38VRVV07F3" sending DATA frame for stream ID 5 with length 10240 and flags NONE. 
2024-04-30 15:49:21.6628||TRACE|Microsoft.AspNetCore.Server.Kestrel.Http2|Connection id "0HN38VRVV07F3" sending DATA frame for stream ID 5 with length 10240 and flags NONE. 
2024-04-30 15:49:21.6779||TRACE|Microsoft.AspNetCore.Server.Kestrel.Http2|Connection id "0HN38VRVV07F3" sending DATA frame for stream ID 5 with length 10240 and flags NONE. 
2024-04-30 15:49:21.6779||TRACE|Microsoft.AspNetCore.Server.Kestrel.Http2|Connection id "0HN38VRVV07F3" sending DATA frame for stream ID 5 with length 10240 and flags NONE. 
2024-04-30 15:49:21.6779||TRACE|Microsoft.AspNetCore.Server.Kestrel.Http2|Connection id "0HN38VRVV07F3" sending DATA frame for stream ID 5 with length 10240 and flags NONE. 
2024-04-30 15:49:21.6779||TRACE|Microsoft.AspNetCore.Server.Kestrel.Http2|Connection id "0HN38VRVV07F3" sending DATA frame for stream ID 5 with length 10240 and flags NONE. 
2024-04-30 15:49:21.6779||TRACE|Microsoft.AspNetCore.Server.Kestrel.Http2|Connection id "0HN38VRVV07F3" sending DATA frame for stream ID 5 with length 10240 and flags NONE. 
2024-04-30 15:49:21.6779||TRACE|Microsoft.AspNetCore.Server.Kestrel.Http2|Connection id "0HN38VRVV07F3" sending DATA frame for stream ID 5 with length 10240 and flags NONE. 
2024-04-30 15:49:21.6779||TRACE|Microsoft.AspNetCore.Server.Kestrel.Http2|Connection id "0HN38VRVV07F3" sending DATA frame for stream ID 5 with length 10240 and flags NONE. 
2024-04-30 15:49:21.6779||TRACE|Microsoft.AspNetCore.Server.Kestrel.Http2|Connection id "0HN38VRVV07F3" sending DATA frame for stream ID 5 with length 10240 and flags NONE. 
2024-04-30 15:49:21.6779||TRACE|Microsoft.AspNetCore.Server.Kestrel.Http2|Connection id "0HN38VRVV07F3" sending DATA frame for stream ID 5 with length 10240 and flags NONE. 
2024-04-30 15:49:21.6779||TRACE|Microsoft.AspNetCore.Server.Kestrel.Http2|Connection id "0HN38VRVV07F3" sending DATA frame for stream ID 5 with length 10240 and flags NONE. 
2024-04-30 15:49:21.6779||TRACE|Microsoft.AspNetCore.Server.Kestrel.Http2|Connection id "0HN38VRVV07F3" sending DATA frame for stream ID 5 with length 10240 and flags NONE. 
2024-04-30 15:49:21.6936||TRACE|Microsoft.AspNetCore.Server.Kestrel.Http2|Connection id "0HN38VRVV07F3" sending DATA frame for stream ID 5 with length 10240 and flags NONE. 
2024-04-30 15:49:21.6936||TRACE|Microsoft.AspNetCore.Server.Kestrel.Http2|Connection id "0HN38VRVV07F3" sending DATA frame for stream ID 5 with length 10240 and flags NONE. 
2024-04-30 15:49:21.6936||TRACE|Microsoft.AspNetCore.Server.Kestrel.Http2|Connection id "0HN38VRVV07F3" sending DATA frame for stream ID 5 with length 10240 and flags NONE. 
2024-04-30 15:49:21.6936||TRACE|Microsoft.AspNetCore.Server.Kestrel.Http2|Connection id "0HN38VRVV07F3" sending DATA frame for stream ID 5 with length 10240 and flags NONE. 
2024-04-30 15:49:21.6936||TRACE|Microsoft.AspNetCore.Server.Kestrel.Http2|Connection id "0HN38VRVV07F3" sending DATA frame for stream ID 5 with length 10240 and flags NONE. 
2024-04-30 15:49:21.6936||TRACE|Microsoft.AspNetCore.Server.Kestrel.Http2|Connection id "0HN38VRVV07F3" sending DATA frame for stream ID 5 with length 10240 and flags NONE. 
2024-04-30 15:49:21.7090||TRACE|Microsoft.AspNetCore.Server.Kestrel.Http2|Connection id "0HN38VRVV07F3" sending DATA frame for stream ID 5 with length 10240 and flags NONE. 
2024-04-30 15:49:21.7090||TRACE|Microsoft.AspNetCore.Server.Kestrel.Http2|Connection id "0HN38VRVV07F3" sending DATA frame for stream ID 5 with length 10240 and flags NONE. 
2024-04-30 15:49:21.7090||TRACE|Microsoft.AspNetCore.Server.Kestrel.Http2|Connection id "0HN38VRVV07F3" sending DATA frame for stream ID 5 with length 10240 and flags NONE. 
2024-04-30 15:49:21.7090||TRACE|Microsoft.AspNetCore.Server.Kestrel.Http2|Connection id "0HN38VRVV07F3" sending DATA frame for stream ID 5 with length 10240 and flags NONE. 
2024-04-30 15:49:21.7090||TRACE|Microsoft.AspNetCore.Server.Kestrel.Http2|Connection id "0HN38VRVV07F3" sending DATA frame for stream ID 5 with length 10240 and flags NONE. 
2024-04-30 15:49:21.7090||TRACE|Microsoft.AspNetCore.Server.Kestrel.Http2|Connection id "0HN38VRVV07F3" sending DATA frame for stream ID 5 with length 10240 and flags NONE. 
2024-04-30 15:49:21.7090||TRACE|Microsoft.AspNetCore.Server.Kestrel.Http2|Connection id "0HN38VRVV07F3" sending DATA frame for stream ID 5 with length 10240 and flags NONE. 
2024-04-30 15:49:21.7090||TRACE|Microsoft.AspNetCore.Server.Kestrel.Http2|Connection id "0HN38VRVV07F3" sending DATA frame for stream ID 5 with length 10240 and flags NONE. 
2024-04-30 15:49:21.7090||TRACE|Microsoft.AspNetCore.Server.Kestrel.Http2|Connection id "0HN38VRVV07F3" sending DATA frame for stream ID 5 with length 10240 and flags NONE. 
2024-04-30 15:49:21.7090||TRACE|Microsoft.AspNetCore.Server.Kestrel.Http2|Connection id "0HN38VRVV07F3" sending DATA frame for stream ID 5 with length 10240 and flags NONE. 
2024-04-30 15:49:21.7250||TRACE|Microsoft.AspNetCore.Server.Kestrel.Http2|Connection id "0HN38VRVV07F3" sending DATA frame for stream ID 5 with length 10240 and flags NONE. 
2024-04-30 15:49:21.7250||TRACE|Microsoft.AspNetCore.Server.Kestrel.Http2|Connection id "0HN38VRVV07F3" sending DATA frame for stream ID 5 with length 10240 and flags NONE. 
2024-04-30 15:49:21.7250||TRACE|Microsoft.AspNetCore.Server.Kestrel.Http2|Connection id "0HN38VRVV07F3" sending DATA frame for stream ID 5 with length 10240 and flags NONE. 
2024-04-30 15:49:21.7250||TRACE|Microsoft.AspNetCore.Server.Kestrel.Http2|Connection id "0HN38VRVV07F3" sending DATA frame for stream ID 5 with length 10240 and flags NONE. 
2024-04-30 15:49:21.7250||TRACE|Microsoft.AspNetCore.Server.Kestrel.Http2|Connection id "0HN38VRVV07F3" sending DATA frame for stream ID 5 with length 10240 and flags NONE. 
2024-04-30 15:49:21.7250||TRACE|Microsoft.AspNetCore.Server.Kestrel.Http2|Connection id "0HN38VRVV07F3" sending DATA frame for stream ID 5 with length 10240 and flags NONE. 
2024-04-30 15:49:21.7470||TRACE|Microsoft.AspNetCore.Server.Kestrel.Http2|Connection id "0HN38VRVV07F3" sending DATA frame for stream ID 5 with length 10240 and flags NONE. 
2024-04-30 15:49:21.7470||TRACE|Microsoft.AspNetCore.Server.Kestrel.Http2|Connection id "0HN38VRVV07F3" sending DATA frame for stream ID 5 with length 10240 and flags NONE. 
2024-04-30 15:49:21.7470||TRACE|Microsoft.AspNetCore.Server.Kestrel.Http2|Connection id "0HN38VRVV07F3" sending DATA frame for stream ID 5 with length 10240 and flags NONE. 
2024-04-30 15:49:21.7470||TRACE|Microsoft.AspNetCore.Server.Kestrel.Http2|Connection id "0HN38VRVV07F3" sending DATA frame for stream ID 5 with length 10240 and flags NONE. 
2024-04-30 15:49:21.7470||TRACE|Microsoft.AspNetCore.Server.Kestrel.Http2|Connection id "0HN38VRVV07F3" sending DATA frame for stream ID 5 with length 10240 and flags NONE. 
2024-04-30 15:49:21.7470||TRACE|Microsoft.AspNetCore.Server.Kestrel.Http2|Connection id "0HN38VRVV07F3" sending DATA frame for stream ID 5 with length 10240 and flags NONE. 
2024-04-30 15:49:21.7470||TRACE|Microsoft.AspNetCore.Server.Kestrel.Http2|Connection id "0HN38VRVV07F3" sending DATA frame for stream ID 5 with length 9517 and flags NONE. 
2024-04-30 15:49:21.7579||TRACE|Microsoft.AspNetCore.Server.Kestrel.Http2|Connection id "0HN38VRVV07F3" sending DATA frame for stream ID 5 with length 0 and flags END_STREAM. 
2024-04-30 15:49:21.7579||INFO|Microsoft.AspNetCore.Hosting.Diagnostics|Request finished HTTP/2 GET https://localhost:7278/_vs/browserLink - - - 200 - text/javascript;+charset=UTF-8 290.7381ms 
2024-04-30 15:49:21.8190||TRACE|Microsoft.AspNetCore.Server.Kestrel.Http2|Connection id "0HN38VRVV07F3" received HEADERS frame for stream ID 7 with length 66 and flags END_STREAM, END_HEADERS, PRIORITY. 
2024-04-30 15:49:21.8190||INFO|Microsoft.AspNetCore.Hosting.Diagnostics|Request starting HTTP/2 GET https://localhost:7278/swagger/v1/swagger.json - - 
2024-04-30 15:49:21.8377||TRACE|Microsoft.AspNetCore.HostFiltering.HostFilteringMiddleware|All hosts are allowed. 
2024-04-30 15:49:22.0435||TRACE|Microsoft.AspNetCore.Server.Kestrel.Http2|Connection id "0HN38VRVV07F3" sending HEADERS frame for stream ID 7 with length 35 and flags END_HEADERS. 
2024-04-30 15:49:22.0435||TRACE|Microsoft.AspNetCore.Server.Kestrel.Http2|Connection id "0HN38VRVV07F3" sending DATA frame for stream ID 7 with length 9593 and flags NONE. 
2024-04-30 15:49:22.0435||TRACE|Microsoft.AspNetCore.Server.Kestrel.Http2|Connection id "0HN38VRVV07F3" sending DATA frame for stream ID 7 with length 0 and flags END_STREAM. 
2024-04-30 15:49:22.0435||INFO|Microsoft.AspNetCore.Hosting.Diagnostics|Request finished HTTP/2 GET https://localhost:7278/swagger/v1/swagger.json - - - 200 - application/json;charset=utf-8 222.7293ms 
2024-04-30 15:49:28.6630||DEBUG|Microsoft.AspNetCore.Server.Kestrel.Transport.Sockets|Connection id "0HN38VRVV07F3" received FIN. 
2024-04-30 15:49:28.6630||DEBUG|Microsoft.AspNetCore.Server.Kestrel.Http2|Connection id "0HN38VRVV07F3" is closed. The last processed stream ID was 7. 
2024-04-30 15:49:28.6630||DEBUG|Microsoft.AspNetCore.Server.Kestrel.Transport.Sockets|Connection id "0HN38VRVV07F3" sending FIN because: "The client closed the connection." 
2024-04-30 15:49:28.6630||DEBUG|Microsoft.AspNetCore.Server.Kestrel.Connections|Connection id "0HN38VRVV07F3" stopped. 
2024-04-30 15:49:53.6312||DEBUG|Microsoft.AspNetCore.Server.Kestrel.Connections|Connection id "0HN38VRVV07F4" accepted. 
2024-04-30 15:49:53.6469||DEBUG|Microsoft.AspNetCore.Server.Kestrel.Connections|Connection id "0HN38VRVV07F4" started. 
2024-04-30 15:49:53.6665||DEBUG|Microsoft.AspNetCore.Server.Kestrel.Https.Internal.HttpsConnectionMiddleware|Connection 0HN38VRVV07F4 established using the following protocol: Tls12 
2024-04-30 15:49:53.6665||TRACE|Microsoft.AspNetCore.Server.Kestrel.Http2|Connection id "0HN38VRVV07F4" sending SETTINGS frame for stream ID 0 with length 18 and flags NONE. 
2024-04-30 15:49:53.6665||TRACE|Microsoft.AspNetCore.Server.Kestrel.Http2|Connection id "0HN38VRVV07F4" sending WINDOW_UPDATE frame for stream ID 0 with length 4 and flags 0x0. 
2024-04-30 15:49:53.6665||TRACE|Microsoft.AspNetCore.Server.Kestrel.Http2|Connection id "0HN38VRVV07F4" received SETTINGS frame for stream ID 0 with length 24 and flags NONE. 
2024-04-30 15:49:53.6665||TRACE|Microsoft.AspNetCore.Server.Kestrel.Http2|Connection id "0HN38VRVV07F4" sending SETTINGS frame for stream ID 0 with length 0 and flags ACK. 
2024-04-30 15:49:53.6665||TRACE|Microsoft.AspNetCore.Server.Kestrel.Http2|Connection id "0HN38VRVV07F4" received WINDOW_UPDATE frame for stream ID 0 with length 4 and flags 0x0. 
2024-04-30 15:49:53.6776||TRACE|Microsoft.AspNetCore.Server.Kestrel.Http2|Connection id "0HN38VRVV07F4" received HEADERS frame for stream ID 1 with length 387 and flags END_HEADERS, PRIORITY. 
2024-04-30 15:49:53.6776||TRACE|Microsoft.AspNetCore.Server.Kestrel.Http2|Connection id "0HN38VRVV07F4" received DATA frame for stream ID 1 with length 71 and flags END_STREAM. 
2024-04-30 15:49:53.6776||INFO|Microsoft.AspNetCore.Hosting.Diagnostics|Request starting HTTP/2 POST https://localhost:7278/api/CLAuth application/json 71 
2024-04-30 15:49:53.6776||TRACE|Microsoft.AspNetCore.Server.Kestrel.Http2|Connection id "0HN38VRVV07F4" received SETTINGS frame for stream ID 0 with length 0 and flags ACK. 
2024-04-30 15:49:53.6776||TRACE|Microsoft.AspNetCore.HostFiltering.HostFilteringMiddleware|All hosts are allowed. 
2024-04-30 15:49:53.6776||DEBUG|Microsoft.AspNetCore.StaticFiles.StaticFileMiddleware|POST requests are not supported 
2024-04-30 15:49:53.7246||DEBUG|Microsoft.AspNetCore.Routing.Matching.DfaMatcher|1 candidate(s) found for the request path '/api/CLAuth' 
2024-04-30 15:49:53.7246||DEBUG|Microsoft.AspNetCore.Routing.Matching.DfaMatcher|Endpoint 'api_eWallet.Controllers.CLAuth.Login (api_eWallet)' with route pattern 'api/CLAuth' is valid for the request path '/api/CLAuth' 
2024-04-30 15:49:53.7246||DEBUG|Microsoft.AspNetCore.Routing.EndpointRoutingMiddleware|Request matched endpoint 'api_eWallet.Controllers.CLAuth.Login (api_eWallet)' 
2024-04-30 15:49:53.7246||INFO|Microsoft.AspNetCore.Routing.EndpointMiddleware|Executing endpoint 'api_eWallet.Controllers.CLAuth.Login (api_eWallet)' 
2024-04-30 15:49:54.3483||INFO|Microsoft.AspNetCore.Mvc.Infrastructure.ControllerActionInvoker|Route matched with {action = "Login", controller = "CLAuth"}. Executing controller action with signature Microsoft.AspNetCore.Mvc.IActionResult Login(api_eWallet.Models.DTO.DTOLog01) on controller api_eWallet.Controllers.CLAuth (api_eWallet). 
2024-04-30 15:49:54.3536||DEBUG|Microsoft.AspNetCore.Mvc.Infrastructure.ControllerActionInvoker|Execution plan of authorization filters (in the following order): api_eWallet.Filters.JwtAuthenticationFilter 
2024-04-30 15:49:54.3536||DEBUG|Microsoft.AspNetCore.Mvc.Infrastructure.ControllerActionInvoker|Execution plan of resource filters (in the following order): None 
2024-04-30 15:49:54.3536||DEBUG|Microsoft.AspNetCore.Mvc.Infrastructure.ControllerActionInvoker|Execution plan of action filters (in the following order): Microsoft.AspNetCore.Mvc.ModelBinding.UnsupportedContentTypeFilter (Order: -3000), Microsoft.AspNetCore.Mvc.Infrastructure.ModelStateInvalidFilter (Order: -2000) 
2024-04-30 15:49:54.3536||DEBUG|Microsoft.AspNetCore.Mvc.Infrastructure.ControllerActionInvoker|Execution plan of exception filters (in the following order): None 
2024-04-30 15:49:54.3536||DEBUG|Microsoft.AspNetCore.Mvc.Infrastructure.ControllerActionInvoker|Execution plan of result filters (in the following order): Microsoft.AspNetCore.Mvc.Infrastructure.ClientErrorResultFilter (Order: -2000) 
2024-04-30 15:49:54.3536||TRACE|Microsoft.AspNetCore.Mvc.Infrastructure.ControllerActionInvoker|Authorization Filter: Before executing OnAuthorization on filter api_eWallet.Filters.JwtAuthenticationFilter. 
2024-04-30 15:49:54.3536||TRACE|Microsoft.AspNetCore.Mvc.Infrastructure.ControllerActionInvoker|Authorization Filter: After executing OnAuthorization on filter api_eWallet.Filters.JwtAuthenticationFilter. 
2024-04-30 15:49:54.3536||DEBUG|Microsoft.AspNetCore.Mvc.Infrastructure.ControllerActionInvoker|Executing controller factory for controller api_eWallet.Controllers.CLAuth (api_eWallet) 
2024-04-30 15:49:54.5306||DEBUG|Microsoft.AspNetCore.Mvc.Infrastructure.ControllerActionInvoker|Executed controller factory for controller api_eWallet.Controllers.CLAuth (api_eWallet) 
2024-04-30 15:49:54.5464||DEBUG|Microsoft.AspNetCore.Mvc.ModelBinding.ParameterBinder|Attempting to bind parameter 'objDTOLog01' of type 'api_eWallet.Models.DTO.DTOLog01' ... 
2024-04-30 15:49:54.5464||DEBUG|Microsoft.AspNetCore.Mvc.ModelBinding.Binders.BodyModelBinder|Attempting to bind parameter 'objDTOLog01' of type 'api_eWallet.Models.DTO.DTOLog01' using the name '' in request data ... 
2024-04-30 15:49:54.5464||DEBUG|Microsoft.AspNetCore.Mvc.ModelBinding.Binders.BodyModelBinder|Selected input formatter 'Microsoft.AspNetCore.Mvc.Formatters.SystemTextJsonInputFormatter' for content type 'application/json'. 
2024-04-30 15:49:54.5648||DEBUG|Microsoft.AspNetCore.Server.Kestrel|Connection id "0HN38VRVV07F4", Request id "0HN38VRVV07F4:00000001": started reading request body. 
2024-04-30 15:49:54.5648||DEBUG|Microsoft.AspNetCore.Server.Kestrel|Connection id "0HN38VRVV07F4", Request id "0HN38VRVV07F4:00000001": done reading request body. 
2024-04-30 15:49:54.5926||DEBUG|Microsoft.AspNetCore.Mvc.Formatters.SystemTextJsonInputFormatter|JSON input formatter succeeded, deserializing to type 'api_eWallet.Models.DTO.DTOLog01' 
2024-04-30 15:49:54.5926||DEBUG|Microsoft.AspNetCore.Mvc.ModelBinding.Binders.BodyModelBinder|Done attempting to bind parameter 'objDTOLog01' of type 'api_eWallet.Models.DTO.DTOLog01'. 
2024-04-30 15:49:54.5926||DEBUG|Microsoft.AspNetCore.Mvc.ModelBinding.ParameterBinder|Done attempting to bind parameter 'objDTOLog01' of type 'api_eWallet.Models.DTO.DTOLog01'. 
2024-04-30 15:49:54.5926||DEBUG|Microsoft.AspNetCore.Mvc.ModelBinding.ParameterBinder|Attempting to validate the bound parameter 'objDTOLog01' of type 'api_eWallet.Models.DTO.DTOLog01' ... 
2024-04-30 15:49:54.6099||DEBUG|Microsoft.AspNetCore.Mvc.ModelBinding.ParameterBinder|Done attempting to validate the bound parameter 'objDTOLog01' of type 'api_eWallet.Models.DTO.DTOLog01'. 
2024-04-30 15:49:54.6099||TRACE|Microsoft.AspNetCore.Mvc.Infrastructure.ControllerActionInvoker|Action Filter: Before executing OnActionExecuting on filter Microsoft.AspNetCore.Mvc.ModelBinding.UnsupportedContentTypeFilter. 
2024-04-30 15:49:54.6099||TRACE|Microsoft.AspNetCore.Mvc.Infrastructure.ControllerActionInvoker|Action Filter: After executing OnActionExecuting on filter Microsoft.AspNetCore.Mvc.ModelBinding.UnsupportedContentTypeFilter. 
2024-04-30 15:49:54.6159||TRACE|Microsoft.AspNetCore.Mvc.Infrastructure.ControllerActionInvoker|Action Filter: Before executing OnActionExecuting on filter Microsoft.AspNetCore.Mvc.Infrastructure.ModelStateInvalidFilter. 
2024-04-30 15:49:54.6159||TRACE|Microsoft.AspNetCore.Mvc.Infrastructure.ControllerActionInvoker|Action Filter: After executing OnActionExecuting on filter Microsoft.AspNetCore.Mvc.Infrastructure.ModelStateInvalidFilter. 
2024-04-30 15:49:54.6159||INFO|Microsoft.AspNetCore.Mvc.Infrastructure.ControllerActionInvoker|Executing action method api_eWallet.Controllers.CLAuth.Login (api_eWallet) - Validation state: Valid 
2024-04-30 15:49:54.6159||TRACE|Microsoft.AspNetCore.Mvc.Infrastructure.ControllerActionInvoker|Executing action method api_eWallet.Controllers.CLAuth.Login (api_eWallet) with arguments (api_eWallet.Models.DTO.DTOLog01) 
2024-04-30 15:49:55.7539||INFO|Microsoft.AspNetCore.Mvc.Infrastructure.ControllerActionInvoker|Executed action method api_eWallet.Controllers.CLAuth.Login (api_eWallet), returned result Microsoft.AspNetCore.Mvc.OkObjectResult in 1120.7255ms. 
2024-04-30 15:49:55.7607||TRACE|Microsoft.AspNetCore.Mvc.Infrastructure.ControllerActionInvoker|Action Filter: Before executing OnActionExecuted on filter Microsoft.AspNetCore.Mvc.Infrastructure.ModelStateInvalidFilter. 
2024-04-30 15:49:55.7607||TRACE|Microsoft.AspNetCore.Mvc.Infrastructure.ControllerActionInvoker|Action Filter: After executing OnActionExecuted on filter Microsoft.AspNetCore.Mvc.Infrastructure.ModelStateInvalidFilter. 
2024-04-30 15:49:55.7607||TRACE|Microsoft.AspNetCore.Mvc.Infrastructure.ControllerActionInvoker|Action Filter: Before executing OnActionExecuted on filter Microsoft.AspNetCore.Mvc.ModelBinding.UnsupportedContentTypeFilter. 
2024-04-30 15:49:55.7607||TRACE|Microsoft.AspNetCore.Mvc.Infrastructure.ControllerActionInvoker|Action Filter: After executing OnActionExecuted on filter Microsoft.AspNetCore.Mvc.ModelBinding.UnsupportedContentTypeFilter. 
2024-04-30 15:49:55.7607||TRACE|Microsoft.AspNetCore.Mvc.Infrastructure.ControllerActionInvoker|Result Filter: Before executing OnResultExecuting on filter Microsoft.AspNetCore.Mvc.Infrastructure.ClientErrorResultFilter. 
2024-04-30 15:49:55.7607||TRACE|Microsoft.AspNetCore.Mvc.Infrastructure.ControllerActionInvoker|Result Filter: After executing OnResultExecuting on filter Microsoft.AspNetCore.Mvc.Infrastructure.ClientErrorResultFilter. 
2024-04-30 15:49:55.7725||TRACE|Microsoft.AspNetCore.Mvc.Infrastructure.ControllerActionInvoker|Before executing action result Microsoft.AspNetCore.Mvc.OkObjectResult. 
2024-04-30 15:49:55.7725||DEBUG|Microsoft.AspNetCore.Mvc.Infrastructure.DefaultOutputFormatterSelector|List of registered output formatters, in the following order: Microsoft.AspNetCore.Mvc.Formatters.HttpNoContentOutputFormatter, Microsoft.AspNetCore.Mvc.Formatters.StringOutputFormatter, Microsoft.AspNetCore.Mvc.Formatters.StreamOutputFormatter, Microsoft.AspNetCore.Mvc.Formatters.SystemTextJsonOutputFormatter 
2024-04-30 15:49:55.7725||DEBUG|Microsoft.AspNetCore.Mvc.Infrastructure.DefaultOutputFormatterSelector|No information found on request to perform content negotiation. 
2024-04-30 15:49:55.7725||DEBUG|Microsoft.AspNetCore.Mvc.Infrastructure.DefaultOutputFormatterSelector|Attempting to select an output formatter without using a content type as no explicit content types were specified for the response. 
2024-04-30 15:49:55.7725||DEBUG|Microsoft.AspNetCore.Mvc.Infrastructure.DefaultOutputFormatterSelector|Attempting to select the first formatter in the output formatters list which can write the result. 
2024-04-30 15:49:55.7725||DEBUG|Microsoft.AspNetCore.Mvc.Infrastructure.DefaultOutputFormatterSelector|Selected output formatter 'Microsoft.AspNetCore.Mvc.Formatters.SystemTextJsonOutputFormatter' and content type 'application/json' to write the response. 
2024-04-30 15:49:55.7725||INFO|Microsoft.AspNetCore.Mvc.Infrastructure.ObjectResultExecutor|Executing OkObjectResult, writing value of type 'api_eWallet.Models.Response'. 
2024-04-30 15:49:55.8274||TRACE|Microsoft.AspNetCore.Server.Kestrel.Http2|Connection id "0HN38VRVV07F4" sending HEADERS frame for stream ID 1 with length 74 and flags END_HEADERS. 
2024-04-30 15:49:55.8274||TRACE|Microsoft.AspNetCore.Server.Kestrel.Http2|Connection id "0HN38VRVV07F4" sending DATA frame for stream ID 1 with length 499 and flags NONE. 
2024-04-30 15:49:55.8274||TRACE|Microsoft.AspNetCore.Mvc.Infrastructure.ControllerActionInvoker|After executing action result Microsoft.AspNetCore.Mvc.OkObjectResult. 
2024-04-30 15:49:55.8274||TRACE|Microsoft.AspNetCore.Mvc.Infrastructure.ControllerActionInvoker|Result Filter: Before executing OnResultExecuted on filter Microsoft.AspNetCore.Mvc.Infrastructure.ClientErrorResultFilter. 
2024-04-30 15:49:55.8274||TRACE|Microsoft.AspNetCore.Mvc.Infrastructure.ControllerActionInvoker|Result Filter: After executing OnResultExecuted on filter Microsoft.AspNetCore.Mvc.Infrastructure.ClientErrorResultFilter. 
2024-04-30 15:49:55.8408||INFO|Microsoft.AspNetCore.Mvc.Infrastructure.ControllerActionInvoker|Executed action api_eWallet.Controllers.CLAuth.Login (api_eWallet) in 1477.2768ms 
2024-04-30 15:49:55.8408||INFO|Microsoft.AspNetCore.Routing.EndpointMiddleware|Executed endpoint 'api_eWallet.Controllers.CLAuth.Login (api_eWallet)' 
2024-04-30 15:49:55.8408||TRACE|Microsoft.AspNetCore.Server.Kestrel.Http2|Connection id "0HN38VRVV07F4" sending DATA frame for stream ID 1 with length 0 and flags END_STREAM. 
2024-04-30 15:49:55.8408||INFO|Microsoft.AspNetCore.Hosting.Diagnostics|Request finished HTTP/2 POST https://localhost:7278/api/CLAuth application/json 71 - 200 - application/json;+charset=utf-8 2164.6618ms 
2024-04-30 15:49:58.6693||DEBUG|Microsoft.AspNetCore.Server.Kestrel.Transport.Sockets|Connection id "0HN38VRVV07F4" received FIN. 
2024-04-30 15:49:58.6693||DEBUG|Microsoft.AspNetCore.Server.Kestrel.Http2|Connection id "0HN38VRVV07F4" is closed. The last processed stream ID was 1. 
2024-04-30 15:49:58.6693||DEBUG|Microsoft.AspNetCore.Server.Kestrel.Transport.Sockets|Connection id "0HN38VRVV07F4" sending FIN because: "The client closed the connection." 
2024-04-30 15:49:58.6778||DEBUG|Microsoft.AspNetCore.Server.Kestrel.Connections|Connection id "0HN38VRVV07F4" stopped. 
2024-04-30 15:50:50.9131||DEBUG|Microsoft.AspNetCore.Server.Kestrel.Connections|Connection id "0HN38VRVV07F5" accepted. 
2024-04-30 15:50:50.9131||DEBUG|Microsoft.AspNetCore.Server.Kestrel.Connections|Connection id "0HN38VRVV07F5" started. 
2024-04-30 15:50:50.9470||DEBUG|Microsoft.AspNetCore.Server.Kestrel.Https.Internal.HttpsConnectionMiddleware|Connection 0HN38VRVV07F5 established using the following protocol: Tls12 
2024-04-30 15:50:50.9470||TRACE|Microsoft.AspNetCore.Server.Kestrel.Http2|Connection id "0HN38VRVV07F5" sending SETTINGS frame for stream ID 0 with length 18 and flags NONE. 
2024-04-30 15:50:50.9612||TRACE|Microsoft.AspNetCore.Server.Kestrel.Http2|Connection id "0HN38VRVV07F5" sending WINDOW_UPDATE frame for stream ID 0 with length 4 and flags 0x0. 
2024-04-30 15:50:50.9612||TRACE|Microsoft.AspNetCore.Server.Kestrel.Http2|Connection id "0HN38VRVV07F5" received SETTINGS frame for stream ID 0 with length 24 and flags NONE. 
2024-04-30 15:50:50.9612||TRACE|Microsoft.AspNetCore.Server.Kestrel.Http2|Connection id "0HN38VRVV07F5" sending SETTINGS frame for stream ID 0 with length 0 and flags ACK. 
2024-04-30 15:50:50.9612||TRACE|Microsoft.AspNetCore.Server.Kestrel.Http2|Connection id "0HN38VRVV07F5" received WINDOW_UPDATE frame for stream ID 0 with length 4 and flags 0x0. 
2024-04-30 15:50:50.9612||TRACE|Microsoft.AspNetCore.Server.Kestrel.Http2|Connection id "0HN38VRVV07F5" received HEADERS frame for stream ID 1 with length 710 and flags END_STREAM, END_HEADERS, PRIORITY. 
2024-04-30 15:50:50.9612||TRACE|Microsoft.AspNetCore.Server.Kestrel.Http2|Connection id "0HN38VRVV07F5" received SETTINGS frame for stream ID 0 with length 0 and flags ACK. 
2024-04-30 15:50:50.9612||INFO|Microsoft.AspNetCore.Hosting.Diagnostics|Request starting HTTP/2 GET https://localhost:7278/api/CLTransaction/GetTransactions?pageNumber=0 - - 
2024-04-30 15:50:50.9767||TRACE|Microsoft.AspNetCore.HostFiltering.HostFilteringMiddleware|All hosts are allowed. 
2024-04-30 15:50:50.9767||DEBUG|Microsoft.AspNetCore.StaticFiles.StaticFileMiddleware|The request path  does not match the path filter 
2024-04-30 15:50:50.9767||DEBUG|Microsoft.AspNetCore.Routing.Matching.DfaMatcher|1 candidate(s) found for the request path '/api/CLTransaction/GetTransactions' 
2024-04-30 15:50:50.9767||DEBUG|Microsoft.AspNetCore.Routing.Matching.DfaMatcher|Endpoint 'api_eWallet.Controllers.CLTransaction.GetAllTransaction (api_eWallet)' with route pattern 'api/CLTransaction/GetTransactions' is valid for the request path '/api/CLTransaction/GetTransactions' 
2024-04-30 15:50:51.0023||DEBUG|Microsoft.AspNetCore.Routing.EndpointRoutingMiddleware|Request matched endpoint 'api_eWallet.Controllers.CLTransaction.GetAllTransaction (api_eWallet)' 
2024-04-30 15:50:51.0023||INFO|Microsoft.AspNetCore.Routing.EndpointMiddleware|Executing endpoint 'api_eWallet.Controllers.CLTransaction.GetAllTransaction (api_eWallet)' 
2024-04-30 15:50:51.0172||INFO|Microsoft.AspNetCore.Mvc.Infrastructure.ControllerActionInvoker|Route matched with {action = "GetAllTransaction", controller = "CLTransaction"}. Executing controller action with signature Microsoft.AspNetCore.Mvc.IActionResult GetAllTransaction(Int32) on controller api_eWallet.Controllers.CLTransaction (api_eWallet). 
2024-04-30 15:50:51.0415||DEBUG|Microsoft.AspNetCore.Mvc.Infrastructure.ControllerActionInvoker|Execution plan of authorization filters (in the following order): api_eWallet.Filters.JwtAuthenticationFilter 
2024-04-30 15:50:51.0415||DEBUG|Microsoft.AspNetCore.Mvc.Infrastructure.ControllerActionInvoker|Execution plan of resource filters (in the following order): None 
2024-04-30 15:50:51.0605||DEBUG|Microsoft.AspNetCore.Mvc.Infrastructure.ControllerActionInvoker|Execution plan of action filters (in the following order): Microsoft.AspNetCore.Mvc.ModelBinding.UnsupportedContentTypeFilter (Order: -3000), Microsoft.AspNetCore.Mvc.Infrastructure.ModelStateInvalidFilter (Order: -2000) 
2024-04-30 15:50:51.0605||DEBUG|Microsoft.AspNetCore.Mvc.Infrastructure.ControllerActionInvoker|Execution plan of exception filters (in the following order): None 
2024-04-30 15:50:51.0757||DEBUG|Microsoft.AspNetCore.Mvc.Infrastructure.ControllerActionInvoker|Execution plan of result filters (in the following order): Microsoft.AspNetCore.Mvc.Infrastructure.ClientErrorResultFilter (Order: -2000) 
2024-04-30 15:50:51.0757||TRACE|Microsoft.AspNetCore.Mvc.Infrastructure.ControllerActionInvoker|Authorization Filter: Before executing OnAuthorization on filter api_eWallet.Filters.JwtAuthenticationFilter. 
2024-04-30 15:50:51.4067||TRACE|Microsoft.AspNetCore.Mvc.Infrastructure.ControllerActionInvoker|Authorization Filter: After executing OnAuthorization on filter api_eWallet.Filters.JwtAuthenticationFilter. 
2024-04-30 15:50:51.4067||DEBUG|Microsoft.AspNetCore.Mvc.Infrastructure.ControllerActionInvoker|Executing controller factory for controller api_eWallet.Controllers.CLTransaction (api_eWallet) 
2024-04-30 15:50:51.4319||DEBUG|Microsoft.AspNetCore.Mvc.Infrastructure.ControllerActionInvoker|Executed controller factory for controller api_eWallet.Controllers.CLTransaction (api_eWallet) 
2024-04-30 15:50:51.4319||DEBUG|Microsoft.AspNetCore.Mvc.ModelBinding.ParameterBinder|Attempting to bind parameter 'pageNumber' of type 'System.Int32' ... 
2024-04-30 15:50:51.4482||DEBUG|Microsoft.AspNetCore.Mvc.ModelBinding.Binders.SimpleTypeModelBinder|Attempting to bind parameter 'pageNumber' of type 'System.Int32' using the name 'pageNumber' in request data ... 
2024-04-30 15:50:51.4482||DEBUG|Microsoft.AspNetCore.Mvc.ModelBinding.Binders.SimpleTypeModelBinder|Done attempting to bind parameter 'pageNumber' of type 'System.Int32'. 
2024-04-30 15:50:51.4482||DEBUG|Microsoft.AspNetCore.Mvc.ModelBinding.ParameterBinder|Done attempting to bind parameter 'pageNumber' of type 'System.Int32'. 
2024-04-30 15:50:51.4482||DEBUG|Microsoft.AspNetCore.Mvc.ModelBinding.ParameterBinder|Attempting to validate the bound parameter 'pageNumber' of type 'System.Int32' ... 
2024-04-30 15:50:51.4482||DEBUG|Microsoft.AspNetCore.Mvc.ModelBinding.ParameterBinder|Done attempting to validate the bound parameter 'pageNumber' of type 'System.Int32'. 
2024-04-30 15:50:51.4482||TRACE|Microsoft.AspNetCore.Mvc.Infrastructure.ControllerActionInvoker|Action Filter: Before executing OnActionExecuting on filter Microsoft.AspNetCore.Mvc.ModelBinding.UnsupportedContentTypeFilter. 
2024-04-30 15:50:51.4708||TRACE|Microsoft.AspNetCore.Mvc.Infrastructure.ControllerActionInvoker|Action Filter: After executing OnActionExecuting on filter Microsoft.AspNetCore.Mvc.ModelBinding.UnsupportedContentTypeFilter. 
2024-04-30 15:50:51.4708||TRACE|Microsoft.AspNetCore.Mvc.Infrastructure.ControllerActionInvoker|Action Filter: Before executing OnActionExecuting on filter Microsoft.AspNetCore.Mvc.Infrastructure.ModelStateInvalidFilter. 
2024-04-30 15:50:51.4764||TRACE|Microsoft.AspNetCore.Mvc.Infrastructure.ControllerActionInvoker|Action Filter: After executing OnActionExecuting on filter Microsoft.AspNetCore.Mvc.Infrastructure.ModelStateInvalidFilter. 
2024-04-30 15:50:51.4764||INFO|Microsoft.AspNetCore.Mvc.Infrastructure.ControllerActionInvoker|Executing action method api_eWallet.Controllers.CLTransaction.GetAllTransaction (api_eWallet) - Validation state: Valid 
2024-04-30 15:50:51.4764||TRACE|Microsoft.AspNetCore.Mvc.Infrastructure.ControllerActionInvoker|Executing action method api_eWallet.Controllers.CLTransaction.GetAllTransaction (api_eWallet) with arguments (0) 
2024-04-30 15:51:25.6813||TRACE|api_eWallet.Services.Implementation.NLogService|Transaction Fetched from wallet-id : 12 
2024-04-30 15:51:29.6050||INFO|api_eWallet.Services.Implementation.NLogService|Transaction Fetched from wallet-id : 12 
2024-04-30 15:51:33.8774||WARN|api_eWallet.Services.Implementation.NLogService|Transaction Fetched from wallet-id : 12 
2024-04-30 15:51:35.9414||ERROR|api_eWallet.Services.Implementation.NLogService|Transaction Fetched from wallet-id : 12 System.Exception: Exception of type 'System.Exception' was thrown.
2024-04-30 15:51:57.2395||INFO|Microsoft.AspNetCore.Mvc.Infrastructure.ControllerActionInvoker|Executed action method api_eWallet.Controllers.CLTransaction.GetAllTransaction (api_eWallet), returned result Microsoft.AspNetCore.Mvc.OkObjectResult in 65754.589ms. 
2024-04-30 15:51:57.2395||TRACE|Microsoft.AspNetCore.Mvc.Infrastructure.ControllerActionInvoker|Action Filter: Before executing OnActionExecuted on filter Microsoft.AspNetCore.Mvc.Infrastructure.ModelStateInvalidFilter. 
2024-04-30 15:51:57.2427||TRACE|Microsoft.AspNetCore.Mvc.Infrastructure.ControllerActionInvoker|Action Filter: After executing OnActionExecuted on filter Microsoft.AspNetCore.Mvc.Infrastructure.ModelStateInvalidFilter. 
2024-04-30 15:51:57.2427||TRACE|Microsoft.AspNetCore.Mvc.Infrastructure.ControllerActionInvoker|Action Filter: Before executing OnActionExecuted on filter Microsoft.AspNetCore.Mvc.ModelBinding.UnsupportedContentTypeFilter. 
2024-04-30 15:51:57.2427||TRACE|Microsoft.AspNetCore.Mvc.Infrastructure.ControllerActionInvoker|Action Filter: After executing OnActionExecuted on filter Microsoft.AspNetCore.Mvc.ModelBinding.UnsupportedContentTypeFilter. 
2024-04-30 15:51:57.2427||TRACE|Microsoft.AspNetCore.Mvc.Infrastructure.ControllerActionInvoker|Result Filter: Before executing OnResultExecuting on filter Microsoft.AspNetCore.Mvc.Infrastructure.ClientErrorResultFilter. 
2024-04-30 15:51:57.2427||TRACE|Microsoft.AspNetCore.Mvc.Infrastructure.ControllerActionInvoker|Result Filter: After executing OnResultExecuting on filter Microsoft.AspNetCore.Mvc.Infrastructure.ClientErrorResultFilter. 
2024-04-30 15:51:57.2427||TRACE|Microsoft.AspNetCore.Mvc.Infrastructure.ControllerActionInvoker|Before executing action result Microsoft.AspNetCore.Mvc.OkObjectResult. 
2024-04-30 15:51:57.2427||DEBUG|Microsoft.AspNetCore.Mvc.Infrastructure.DefaultOutputFormatterSelector|List of registered output formatters, in the following order: Microsoft.AspNetCore.Mvc.Formatters.HttpNoContentOutputFormatter, Microsoft.AspNetCore.Mvc.Formatters.StringOutputFormatter, Microsoft.AspNetCore.Mvc.Formatters.StreamOutputFormatter, Microsoft.AspNetCore.Mvc.Formatters.SystemTextJsonOutputFormatter 
2024-04-30 15:51:57.2427||DEBUG|Microsoft.AspNetCore.Mvc.Infrastructure.DefaultOutputFormatterSelector|No information found on request to perform content negotiation. 
2024-04-30 15:51:57.2427||DEBUG|Microsoft.AspNetCore.Mvc.Infrastructure.DefaultOutputFormatterSelector|Attempting to select an output formatter without using a content type as no explicit content types were specified for the response. 
2024-04-30 15:51:57.2427||DEBUG|Microsoft.AspNetCore.Mvc.Infrastructure.DefaultOutputFormatterSelector|Attempting to select the first formatter in the output formatters list which can write the result. 
2024-04-30 15:51:57.2427||DEBUG|Microsoft.AspNetCore.Mvc.Infrastructure.DefaultOutputFormatterSelector|Selected output formatter 'Microsoft.AspNetCore.Mvc.Formatters.SystemTextJsonOutputFormatter' and content type 'application/json' to write the response. 
2024-04-30 15:51:57.2427||INFO|Microsoft.AspNetCore.Mvc.Infrastructure.ObjectResultExecutor|Executing OkObjectResult, writing value of type 'api_eWallet.Models.Response'. 
2024-04-30 15:51:57.2792||TRACE|Microsoft.AspNetCore.Server.Kestrel.Http2|Connection id "0HN38VRVV07F5" sending HEADERS frame for stream ID 1 with length 74 and flags END_HEADERS. 
2024-04-30 15:51:57.2792||TRACE|Microsoft.AspNetCore.Server.Kestrel.Http2|Connection id "0HN38VRVV07F5" sending DATA frame for stream ID 1 with length 1117 and flags NONE. 
2024-04-30 15:51:57.2792||TRACE|Microsoft.AspNetCore.Mvc.Infrastructure.ControllerActionInvoker|After executing action result Microsoft.AspNetCore.Mvc.OkObjectResult. 
2024-04-30 15:51:57.2792||TRACE|Microsoft.AspNetCore.Mvc.Infrastructure.ControllerActionInvoker|Result Filter: Before executing OnResultExecuted on filter Microsoft.AspNetCore.Mvc.Infrastructure.ClientErrorResultFilter. 
2024-04-30 15:51:57.2792||TRACE|Microsoft.AspNetCore.Mvc.Infrastructure.ControllerActionInvoker|Result Filter: After executing OnResultExecuted on filter Microsoft.AspNetCore.Mvc.Infrastructure.ClientErrorResultFilter. 
2024-04-30 15:51:57.2887||TRACE|Microsoft.AspNetCore.Server.Kestrel.Http2|Connection id "0HN38VRVV07F5" received WINDOW_UPDATE frame for stream ID 0 with length 4 and flags 0x0. 
2024-04-30 15:51:57.2887||INFO|Microsoft.AspNetCore.Mvc.Infrastructure.ControllerActionInvoker|Executed action api_eWallet.Controllers.CLTransaction.GetAllTransaction (api_eWallet) in 66211.2456ms 
2024-04-30 15:51:57.2887||TRACE|Microsoft.AspNetCore.Server.Kestrel.Http2|Connection id "0HN38VRVV07F5" received WINDOW_UPDATE frame for stream ID 1 with length 4 and flags 0x0. 
2024-04-30 15:51:57.2887||INFO|Microsoft.AspNetCore.Routing.EndpointMiddleware|Executed endpoint 'api_eWallet.Controllers.CLTransaction.GetAllTransaction (api_eWallet)' 
2024-04-30 15:51:57.2887||TRACE|Microsoft.AspNetCore.Server.Kestrel.Http2|Connection id "0HN38VRVV07F5" sending DATA frame for stream ID 1 with length 0 and flags END_STREAM. 
2024-04-30 15:51:57.2887||INFO|Microsoft.AspNetCore.Hosting.Diagnostics|Request finished HTTP/2 GET https://localhost:7278/api/CLTransaction/GetTransactions?pageNumber=0 - - - 200 - application/json;+charset=utf-8 66322.1128ms 
