2024-06-10 12:46:26.2034 INFO Request: POST /api/CLUser/user
2024-06-10 12:46:26.3500 INFO Request Headers:
Accept: */*
Host: localhost:7278
User-Agent: Mozilla/5.0 (Windows NT 10.0; Win64; x64) AppleWebKit/537.36 (KHTML, like Gecko) Chrome/125.0.0.0 Safari/537.36
:method: POST
Accept-Encoding: gzip, deflate, br, zstd
Accept-Language: en-US,en;q=0.9
Content-Type: application/json-patch+json
Origin: https://localhost:7278
Referer: https://localhost:7278/swagger/index.html
Content-Length: 166
sec-ch-ua: "Google Chrome";v="125", "Chromium";v="125", "Not.A/Brand";v="24"
sec-ch-ua-mobile: ?0
sec-ch-ua-platform: "Windows"
sec-fetch-site: same-origin
sec-fetch-mode: cors
sec-fetch-dest: empty
priority: u=1, i

2024-06-10 12:46:26.7398 TRACE client statistics is updated for client key - /api/CLUser/user_::1 
2024-06-10 12:46:26.7398 TRACE reuest is passed successfully from rate limiting middleware -- client key -- /api/CLUser/user_::1
2024-06-10 12:48:14.7202 WARN Background service for clearing old notification from table started running .....
2024-06-10 12:48:48.7843 INFO Request: POST /api/CLAuth
2024-06-10 12:48:48.8016 INFO Request Headers:
Accept: */*
Host: localhost:7278
User-Agent: Mozilla/5.0 (Windows NT 10.0; Win64; x64) AppleWebKit/537.36 (KHTML, like Gecko) Chrome/125.0.0.0 Safari/537.36
:method: POST
Accept-Encoding: gzip, deflate, br, zstd
Accept-Language: en-US,en;q=0.9
Content-Type: application/json-patch+json
Origin: https://localhost:7278
Referer: https://localhost:7278/swagger/index.html
Content-Length: 71
sec-ch-ua: "Google Chrome";v="125", "Chromium";v="125", "Not.A/Brand";v="24"
sec-ch-ua-mobile: ?0
sec-ch-ua-platform: "Windows"
sec-fetch-site: same-origin
sec-fetch-mode: cors
sec-fetch-dest: empty
priority: u=1, i

2024-06-10 12:48:48.9702 TRACE client statistics is updated for client key - /api/CLAuth_::1 
2024-06-10 12:48:48.9702 TRACE reuest is passed successfully from rate limiting middleware -- client key -- /api/CLAuth_::1
2024-06-10 13:11:23.9024 WARN Background service for clearing old notification from table started running .....
2024-06-10 13:11:48.3875 INFO Request: POST /api/CLAuth
2024-06-10 13:11:48.3875 INFO Request Headers:
Accept: */*
Host: localhost:7278
User-Agent: Mozilla/5.0 (Windows NT 10.0; Win64; x64) AppleWebKit/537.36 (KHTML, like Gecko) Chrome/125.0.0.0 Safari/537.36
:method: POST
Accept-Encoding: gzip, deflate, br, zstd
Accept-Language: en-US,en;q=0.9
Content-Type: application/json
Origin: http://127.0.0.1:5501
Referer: http://127.0.0.1:5501/
Content-Length: 62
sec-ch-ua: "Google Chrome";v="125", "Chromium";v="125", "Not.A/Brand";v="24"
sec-ch-ua-mobile: ?0
sec-ch-ua-platform: "Windows"
sec-fetch-site: cross-site
sec-fetch-mode: cors
sec-fetch-dest: empty
priority: u=1, i

2024-06-10 13:11:48.5589 TRACE client statistics is updated for client key - /api/CLAuth_::1 
2024-06-10 13:11:48.5589 TRACE reuest is passed successfully from rate limiting middleware -- client key -- /api/CLAuth_::1
2024-06-10 13:17:14.8401 WARN Background service for clearing old notification from table started running .....
2024-06-10 13:18:36.1499 WARN Background service for clearing old notification from table started running .....
2024-06-10 13:18:55.6586 INFO Request: POST /api/CLTransaction/transfer
2024-06-10 13:18:55.6765 INFO Request Headers:
Accept: */*
Host: localhost:7278
User-Agent: Mozilla/5.0 (Windows NT 10.0; Win64; x64) AppleWebKit/537.36 (KHTML, like Gecko) Chrome/125.0.0.0 Safari/537.36
:method: POST
Accept-Encoding: gzip, deflate, br, zstd
Accept-Language: en-US,en;q=0.9
Content-Type: application/json-patch+json
Origin: https://localhost:7278
Referer: https://localhost:7278/swagger/index.html
Content-Length: 113
sec-ch-ua: "Google Chrome";v="125", "Chromium";v="125", "Not.A/Brand";v="24"
sec-ch-ua-mobile: ?0
sec-ch-ua-platform: "Windows"
sec-fetch-site: same-origin
sec-fetch-mode: cors
sec-fetch-dest: empty
priority: u=1, i

2024-06-10 13:18:55.9094 TRACE client statistics is updated for client key - /api/CLTransaction/transfer_::1 
2024-06-10 13:18:55.9094 TRACE reuest is passed successfully from rate limiting middleware -- client key -- /api/CLTransaction/transfer_::1
2024-06-10 13:18:56.0847 INFO Response: 401 (Elapsed Time: 392 ms)
2024-06-10 13:18:56.0847 INFO Response Headers:
Content-Type: application/problem+json; charset=utf-8
Date: Mon, 10 Jun 2024 07:48:55 GMT
Server: Kestrel
Access-Control-Allow-Origin: *
Content-Length: 162

2024-06-10 13:19:25.4592 INFO Request: POST /api/CLAuth
2024-06-10 13:19:25.4592 INFO Request Headers:
Accept: */*
Host: localhost:7278
User-Agent: Mozilla/5.0 (Windows NT 10.0; Win64; x64) AppleWebKit/537.36 (KHTML, like Gecko) Chrome/125.0.0.0 Safari/537.36
:method: POST
Accept-Encoding: gzip, deflate, br, zstd
Accept-Language: en-US,en;q=0.9
Content-Type: application/json-patch+json
Origin: https://localhost:7278
Referer: https://localhost:7278/swagger/index.html
Content-Length: 71
sec-ch-ua: "Google Chrome";v="125", "Chromium";v="125", "Not.A/Brand";v="24"
sec-ch-ua-mobile: ?0
sec-ch-ua-platform: "Windows"
sec-fetch-site: same-origin
sec-fetch-mode: cors
sec-fetch-dest: empty
priority: u=1, i

2024-06-10 13:19:25.5664 TRACE client statistics is updated for client key - /api/CLAuth_::1 
2024-06-10 13:19:25.5664 TRACE reuest is passed successfully from rate limiting middleware -- client key -- /api/CLAuth_::1
