2024-06-10 12:50:37.8887 INFO Response: 200 (Elapsed Time: 28051 ms)
2024-06-10 12:50:37.9211 INFO Response Headers:
Content-Type: application/json; charset=utf-8
Date: Mon, 10 Jun 2024 07:20:37 GMT
Server: Kestrel
Content-Length: 202

2024-06-10 13:11:58.8446 INFO Response: 200 (Elapsed Time: 339 ms)
2024-06-10 13:11:58.8446 INFO Response Headers:
Content-Type: application/json; charset=utf-8
Date: Mon, 10 Jun 2024 07:41:57 GMT
Server: Kestrel
Access-Control-Allow-Origin: *
Content-Length: 202

2024-06-10 13:12:19.6407 INFO Request: POST /api/CLRazorpay/Initiate
2024-06-10 13:12:19.6553 INFO Request Headers:
Accept: */*
Host: localhost:7278
User-Agent: Mozilla/5.0 (Windows NT 10.0; Win64; x64) AppleWebKit/537.36 (KHTML, like Gecko) Chrome/125.0.0.0 Safari/537.36
:method: POST
Accept-Encoding: gzip, deflate, br, zstd
Accept-Language: en-US,en;q=0.9
Authorization: Bearer eyJhbGciOiJIUzI1NiIsInR5cCI6IkpXVCJ9.eyJqd3RfZW1haWxJZCI6Inlhc2hsYXRoaXlhcmtpdEBnbWFpbC5jb20iLCJqd3RfdXNlcklkIjoiMTciLCJqd3Rfd2FsbGV0SWQiOiIxMiIsImV4cCI6MTcxODAwODkxOCwiaXNzIjoiaHR0cHM6Ly9sb2NhbGhvc3Q6NzI3ODtodHRwOi8vbG9jYWxob3N0OjUwNjM7aHR0cDovL2xvY2FsaG9zdDozMjgwOSIsImF1ZCI6Imh0dHBzOi8vbG9jYWxob3N0OjcyNzg7aHR0cDovL2xvY2FsaG9zdDo1MDYzO2h0dHA6Ly9sb2NhbGhvc3Q6MzI4MDkifQ.2RuERc_bNZATlcHaq4MZrq_kl0HFHGZneKxZhJwCbWU
Content-Type: application/x-www-form-urlencoded; charset=UTF-8
Origin: http://127.0.0.1:5501
Referer: http://127.0.0.1:5501/
Content-Length: 13
sec-ch-ua: "Google Chrome";v="125", "Chromium";v="125", "Not.A/Brand";v="24"
sec-ch-ua-mobile: ?0
sec-ch-ua-platform: "Windows"
sec-fetch-site: cross-site
sec-fetch-mode: cors
sec-fetch-dest: empty
priority: u=1, i

2024-06-10 13:12:19.7301 TRACE client statistics is updated for client key - /api/CLRazorpay/Initiate_::1 
2024-06-10 13:12:19.7301 TRACE reuest is passed successfully from rate limiting middleware -- client key -- /api/CLRazorpay/Initiate_::1
2024-06-10 13:20:23.4816 TRACE Wallet is activated of user id 17
2024-06-10 13:20:23.6219 TRACE Connection is opened for processing api_eWallet.Models.POCO.Tsn01
2024-06-10 13:20:23.6361 WARN  database rows are locked for user id 17 , 16
2024-06-10 13:20:23.6361 WARN 12400.5 is deducted from user id 17
2024-06-10 13:20:27.1648 TRACE email is sent successfully to email-id yashlathiyarkit@gmail.com
2024-06-10 13:20:27.1648 WARN 12400.5 is credited to user id 16
2024-06-10 13:20:30.1776 TRACE email is sent successfully to email-id prajvalgahine7121@gmail.com
2024-06-10 13:20:30.1776 TRACE Transaction is added api_eWallet.Models.POCO.Tsn01
2024-06-10 13:20:30.1953 TRACE Connection is closed for processing api_eWallet.Models.POCO.Tsn01
2024-06-10 13:20:30.1953 TRACE Account validation filter is applied
2024-06-10 13:20:30.2067 INFO Response: 200 (Elapsed Time: 10959 ms)
2024-06-10 13:20:30.2067 INFO Response Headers:
Content-Type: application/json; charset=utf-8
Date: Mon, 10 Jun 2024 07:50:29 GMT
Server: Kestrel
Access-Control-Allow-Origin: *
Content-Length: 82

2024-06-10 13:21:42.0527 INFO Request: POST /api/CLTransaction/withdraw
2024-06-10 13:21:42.0858 INFO Request Headers:
Accept: */*
Host: localhost:7278
User-Agent: Mozilla/5.0 (Windows NT 10.0; Win64; x64) AppleWebKit/537.36 (KHTML, like Gecko) Chrome/125.0.0.0 Safari/537.36
:method: POST
Accept-Encoding: gzip, deflate, br, zstd
Accept-Language: en-US,en;q=0.9
Authorization: Bearer eyJhbGciOiJIUzI1NiIsInR5cCI6IkpXVCJ9.eyJqd3RfZW1haWxJZCI6Inlhc2hsYXRoaXlhcmtpdEBnbWFpbC5jb20iLCJqd3RfdXNlcklkIjoiMTciLCJqd3Rfd2FsbGV0SWQiOiIxMiIsImV4cCI6MTcxODAwOTM2NSwiaXNzIjoiaHR0cHM6Ly9sb2NhbGhvc3Q6NzI3ODtodHRwOi8vbG9jYWxob3N0OjUwNjM7aHR0cDovL2xvY2FsaG9zdDozMjgwOSIsImF1ZCI6Imh0dHBzOi8vbG9jYWxob3N0OjcyNzg7aHR0cDovL2xvY2FsaG9zdDo1MDYzO2h0dHA6Ly9sb2NhbGhvc3Q6MzI4MDkifQ.oyVQsaxKdiWSrspE5mfoHjj9DlFJzDTC44V6Tv3PSIc
Content-Type: application/json-patch+json
Origin: https://localhost:7278
Referer: https://localhost:7278/swagger/index.html
Content-Length: 117
sec-ch-ua: "Google Chrome";v="125", "Chromium";v="125", "Not.A/Brand";v="24"
sec-ch-ua-mobile: ?0
sec-ch-ua-platform: "Windows"
sec-fetch-site: same-origin
sec-fetch-mode: cors
sec-fetch-dest: empty
priority: u=1, i

2024-06-10 13:21:42.2030 TRACE client statistics is updated for client key - /api/CLTransaction/withdraw_::1 
2024-06-10 13:21:42.2030 TRACE reuest is passed successfully from rate limiting middleware -- client key -- /api/CLTransaction/withdraw_::1
2024-06-10 16:56:54.6127 INFO Response: 200 (Elapsed Time: 447 ms)
2024-06-10 16:56:54.6127 INFO Request: GET /api/CLUser/info
2024-06-10 16:56:54.6127 INFO Response Headers:
Content-Type: application/json; charset=utf-8
Date: Mon, 10 Jun 2024 11:26:53 GMT
Server: Kestrel
Access-Control-Allow-Origin: *
Content-Length: 202

2024-06-10 16:56:54.6127 INFO Request Headers:
Accept: */*
Host: localhost:7278
User-Agent: Mozilla/5.0 (Windows NT 10.0; Win64; x64) AppleWebKit/537.36 (KHTML, like Gecko) Chrome/125.0.0.0 Safari/537.36
:method: GET
Accept-Encoding: gzip, deflate, br, zstd
Accept-Language: en-US,en;q=0.9
Authorization: Bearer eyJhbGciOiJIUzI1NiIsInR5cCI6IkpXVCJ9.eyJqd3RfZW1haWxJZCI6Inlhc2hsYXRoaXlhcmtpdEBnbWFpbC5jb20iLCJqd3RfdXNlcklkIjoiMTciLCJqd3Rfd2FsbGV0SWQiOiIxMiIsImV4cCI6MTcxODAyMjQxNCwiaXNzIjoiaHR0cHM6Ly9sb2NhbGhvc3Q6NzI3ODtodHRwOi8vbG9jYWxob3N0OjUwNjM7aHR0cDovL2xvY2FsaG9zdDozMjgwOSIsImF1ZCI6Imh0dHBzOi8vbG9jYWxob3N0OjcyNzg7aHR0cDovL2xvY2FsaG9zdDo1MDYzO2h0dHA6Ly9sb2NhbGhvc3Q6MzI4MDkifQ.9nEajrdgEPbzMfj6owPAoNlsXDrEadcOdtNORIInB_g
Origin: http://127.0.0.1:5501
Referer: http://127.0.0.1:5501/
sec-ch-ua: "Google Chrome";v="125", "Chromium";v="125", "Not.A/Brand";v="24"
sec-ch-ua-mobile: ?0
sec-ch-ua-platform: "Windows"
sec-fetch-site: cross-site
sec-fetch-mode: cors
sec-fetch-dest: empty
priority: u=1, i

2024-06-10 16:56:54.6568 WARN Request is abondaned by rate limiting due to too many request with key /api/CLUser/info_::1
2024-06-10 16:56:54.6619 INFO Response: 429 (Elapsed Time: 23 ms)
2024-06-10 16:56:54.6619 INFO Response Headers:

2024-06-10 16:56:54.6776 INFO Request: GET /api/CLUser/info
2024-06-10 16:56:54.6776 INFO Request Headers:
Accept: */*
Host: localhost:7278
User-Agent: Mozilla/5.0 (Windows NT 10.0; Win64; x64) AppleWebKit/537.36 (KHTML, like Gecko) Chrome/125.0.0.0 Safari/537.36
:method: GET
Accept-Encoding: gzip, deflate, br, zstd
Accept-Language: en-US,en;q=0.9
Authorization: Bearer eyJhbGciOiJIUzI1NiIsInR5cCI6IkpXVCJ9.eyJqd3RfZW1haWxJZCI6Inlhc2hsYXRoaXlhcmtpdEBnbWFpbC5jb20iLCJqd3RfdXNlcklkIjoiMTciLCJqd3Rfd2FsbGV0SWQiOiIxMiIsImV4cCI6MTcxODAyMjQxNCwiaXNzIjoiaHR0cHM6Ly9sb2NhbGhvc3Q6NzI3ODtodHRwOi8vbG9jYWxob3N0OjUwNjM7aHR0cDovL2xvY2FsaG9zdDozMjgwOSIsImF1ZCI6Imh0dHBzOi8vbG9jYWxob3N0OjcyNzg7aHR0cDovL2xvY2FsaG9zdDo1MDYzO2h0dHA6Ly9sb2NhbGhvc3Q6MzI4MDkifQ.9nEajrdgEPbzMfj6owPAoNlsXDrEadcOdtNORIInB_g
Origin: http://127.0.0.1:5501
Referer: http://127.0.0.1:5501/
sec-ch-ua: "Google Chrome";v="125", "Chromium";v="125", "Not.A/Brand";v="24"
sec-ch-ua-mobile: ?0
sec-ch-ua-platform: "Windows"
sec-fetch-site: cross-site
sec-fetch-mode: cors
sec-fetch-dest: empty
priority: u=1, i

2024-06-10 16:56:54.7240 WARN Request is abondaned by rate limiting due to too many request with key /api/CLUser/info_::1
2024-06-10 16:56:54.7240 INFO Response: 429 (Elapsed Time: 18 ms)
2024-06-10 16:56:54.7240 INFO Response Headers:

2024-06-10 16:57:04.8696 INFO Request: POST /api/CLAuth
2024-06-10 16:57:04.8780 INFO Request Headers:
Accept: */*
Host: localhost:7278
User-Agent: Mozilla/5.0 (Windows NT 10.0; Win64; x64) AppleWebKit/537.36 (KHTML, like Gecko) Chrome/125.0.0.0 Safari/537.36
:method: POST
Accept-Encoding: gzip, deflate, br, zstd
Accept-Language: en-US,en;q=0.9
Content-Type: application/json
Origin: http://127.0.0.1:5501
Referer: http://127.0.0.1:5501/
Content-Length: 62
sec-ch-ua: "Google Chrome";v="125", "Chromium";v="125", "Not.A/Brand";v="24"
sec-ch-ua-mobile: ?0
sec-ch-ua-platform: "Windows"
sec-fetch-site: cross-site
sec-fetch-mode: cors
sec-fetch-dest: empty
priority: u=1, i

2024-06-10 16:57:04.9408 TRACE client statistics is updated for client key - /api/CLAuth_::1 
2024-06-10 16:57:04.9408 TRACE reuest is passed successfully from rate limiting middleware -- client key -- /api/CLAuth_::1
2024-06-10 16:57:05.0636 INFO Response: 200 (Elapsed Time: 85 ms)
2024-06-10 16:57:05.0636 INFO Response Headers:
Content-Type: application/json; charset=utf-8
Date: Mon, 10 Jun 2024 11:27:04 GMT
Server: Kestrel
Access-Control-Allow-Origin: *
Content-Length: 202

2024-06-10 16:57:23.5951 INFO Request: POST /api/CLRazorpay/Initiate
2024-06-10 16:57:23.5951 INFO Request Headers:
Accept: */*
Host: localhost:7278
User-Agent: Mozilla/5.0 (Windows NT 10.0; Win64; x64) AppleWebKit/537.36 (KHTML, like Gecko) Chrome/125.0.0.0 Safari/537.36
:method: POST
Accept-Encoding: gzip, deflate, br, zstd
Accept-Language: en-US,en;q=0.9
Authorization: Bearer eyJhbGciOiJIUzI1NiIsInR5cCI6IkpXVCJ9.eyJqd3RfZW1haWxJZCI6Inlhc2hsYXRoaXlhcmtpdEBnbWFpbC5jb20iLCJqd3RfdXNlcklkIjoiMTciLCJqd3Rfd2FsbGV0SWQiOiIxMiIsImV4cCI6MTcxODAyMjQyNCwiaXNzIjoiaHR0cHM6Ly9sb2NhbGhvc3Q6NzI3ODtodHRwOi8vbG9jYWxob3N0OjUwNjM7aHR0cDovL2xvY2FsaG9zdDozMjgwOSIsImF1ZCI6Imh0dHBzOi8vbG9jYWxob3N0OjcyNzg7aHR0cDovL2xvY2FsaG9zdDo1MDYzO2h0dHA6Ly9sb2NhbGhvc3Q6MzI4MDkifQ.BCmssPK7v9hq0sPrlqapyvefk3pUag9mXLni2cxLSyY
Content-Type: application/x-www-form-urlencoded; charset=UTF-8
Origin: http://127.0.0.1:5501
Referer: http://127.0.0.1:5501/
Content-Length: 13
sec-ch-ua: "Google Chrome";v="125", "Chromium";v="125", "Not.A/Brand";v="24"
sec-ch-ua-mobile: ?0
sec-ch-ua-platform: "Windows"
sec-fetch-site: cross-site
sec-fetch-mode: cors
sec-fetch-dest: empty
priority: u=1, i

2024-06-10 16:57:23.6763 TRACE client statistics is updated for client key - /api/CLRazorpay/Initiate_::1 
2024-06-10 16:57:23.6763 TRACE reuest is passed successfully from rate limiting middleware -- client key -- /api/CLRazorpay/Initiate_::1
